make all --print-data-base --no-builtin-variables --no-builtin-rules --question
# GNU Make 3.81
# Copyright (C) 2006  Free Software Foundation, Inc.
# This is free software; see the source for copying conditions.
# There is NO warranty; not even for MERCHANTABILITY or FITNESS FOR A
# PARTICULAR PURPOSE.

# This program built for i386-apple-darwin11.3.0
 
make: *** No rule to make target `all'.  Stop.
 

# Make data base, printed on Thu Aug 26 08:55:11 2021

# Variables

# automatic
<D = $(patsubst %/,%,$(dir $<))
# automatic
?F = $(notdir $?)
# environment
VSCODE_LOG_NATIVE = false
# automatic
?D = $(patsubst %/,%,$(dir $?))
# makefile (from `Makefile', line 17)
CPPFLAGS = $(INC_FLAGS) -MMD -MP -Wall -ansi -g3 -pedantic -O0 -c -std=c++17
# automatic
@D = $(patsubst %/,%,$(dir $@))
# automatic
@F = $(notdir $@)
# makefile
CURDIR := /Users/milvus/milvus-workspace/POC
# makefile
SHELL = /bin/sh
# environment
VSCODE_NLS_CONFIG = {"locale":"en-us","availableLanguages":{},"_languagePackSupport":true}
# environment
_ = /usr/bin/make
# makefile (from `Makefile', line 14)
INC_DIRS := ./src ./src/Machine 
# makefile (from `build/./src/main.cpp.d', line 1)
MAKEFILE_LIST :=  Makefile build/./src/Machine/CNetwork.cpp.d build/./src/Machine/CHardware.cpp.d build/./src/Machine/CSystem.cpp.d build/./src/main.cpp.d
# environment
VSCODE_VERBOSE_LOGGING = true
# environment
__CFBundleIdentifier = com.microsoft.VSCode
# environment
VSCODE_IPC_HOOK_EXTHOST = /var/folders/n2/n90hcpws2pq7lbhxk4t8hx940000gn/T/vscode-ipc-c0178cbd-556b-4571-b9a1-ea54352785e4.sock
# environment
VSCODE_CWD = /
# environment
PATH = /usr/local/bin:/opt/homebrew/bin/:/usr/local/bin:/usr/bin:/bin:/usr/sbin:/sbin
# environment
LaunchInstanceID = 6A1B9237-B632-4371-B3D5-B48527501F4F
# environment
VSCODE_LOG_STACK = false
# environment
ELECTRON_RUN_AS_NODE = 1
# default
.FEATURES := target-specific order-only second-expansion else-if archives jobserver check-symlink
# environment
SSH_AUTH_SOCK = /private/tmp/com.apple.launchd.Ed0supB4G6/Listeners
# automatic
%F = $(notdir $%)
# environment
VSCODE_PIPE_LOGGING = true
# makefile (from `Makefile', line 11)
OBJS := ./build/./src/Machine/CNetwork.cpp.o ./build/./src/Machine/CHardware.cpp.o ./build/./src/Machine/CSystem.cpp.o ./build/./src/main.cpp.o
# makefile (from `Makefile', line 5)
SRC_DIRS = ./src
# environment
PWD = /Users/milvus/milvus-workspace/POC
# makefile (from `Makefile', line 15)
INC_FLAGS := -I./src -I./src/Machine
# environment
ORIGINAL_XDG_CURRENT_DESKTOP = undefined
# environment
VSCODE_AMD_ENTRYPOINT = vs/workbench/services/extensions/node/extensionHostProcess
# environment
HOME = /Users/milvus
# default
MAKEFILEPATH = $(shell /usr/bin/xcode-select -print-path 2>/dev/null || echo /Developer)/Makefiles
# environment
VSCODE_CODE_CACHE_PATH = /Users/milvus/Library/Application Support/Code/CachedData/3866c3553be8b268c8a7f8c0482c0c0177aa8bfa
# environment
LOGNAME = milvus
# environment
APPLICATION_INSIGHTS_NO_DIAGNOSTIC_CHANNEL = true
# environment
VSCODE_HANDLES_UNCAUGHT_ERRORS = true
# automatic
^D = $(patsubst %/,%,$(dir $^))
# makefile (from `Makefile', line 1)
TARGET_EXEC = POC
# environment
XPC_FLAGS = 0x0
# default
MAKE = $(MAKE_COMMAND)
# default
MAKECMDGOALS := all
# makefile (from `Makefile', line 10)
SRCS := ./src/Machine/CNetwork.cpp ./src/Machine/CHardware.cpp ./src/Machine/CSystem.cpp ./src/main.cpp
# environment
SHLVL = 1
# makefile (from `Makefile', line 3)
CC = g++
# makefile (from `Makefile', line 4)
BUILD_DIR = ./build
# default
MAKE_VERSION := 3.81
# environment
USER = milvus
# makefile
.DEFAULT_GOAL := build/POC
# makefile (from `Makefile', line 36)
MKDIR_P = mkdir -p
# automatic
%D = $(patsubst %/,%,$(dir $%))
# default
MAKE_COMMAND := /Library/Developer/CommandLineTools/usr/bin/make
# default
.VARIABLES := 
# environment
TMPDIR = /var/folders/n2/n90hcpws2pq7lbhxk4t8hx940000gn/T/
# automatic
*F = $(notdir $*)
# environment
VSCODE_IPC_HOOK = /Users/milvus/Library/Application Support/Code/1.59.1-main.sock
# makefile
MAKEFLAGS = Rrqp
# environment
MFLAGS = -Rrqp
# automatic
*D = $(patsubst %/,%,$(dir $*))
# environment
XPC_SERVICE_NAME = application.com.microsoft.VSCode.1197811.1197817
# automatic
+D = $(patsubst %/,%,$(dir $+))
# automatic
+F = $(notdir $+)
# environment
__CF_USER_TEXT_ENCODING = 0x1F5:0x0:0x0
# environment
COMMAND_MODE = unix2003
# default
MAKEFILES := 
# environment
VSCODE_BROWSER_CODE_LOADING = bypassHeatCheck
# automatic
<F = $(notdir $<)
# makefile (from `Makefile', line 2)
CXX = g++
# environment
LC_ALL = C
# makefile (from `Makefile', line 6)
LIBS = -lstdc++ -lc -lproc 
# environment
SECURITYSESSIONID = 186a4
# automatic
^F = $(notdir $^)
# makefile (from `Makefile', line 12)
DEPS := ./build/./src/Machine/CNetwork.cpp.d ./build/./src/Machine/CHardware.cpp.d ./build/./src/Machine/CSystem.cpp.d ./build/./src/main.cpp.d
# default
SUFFIXES := 
# environment
MAKELEVEL := 0
# environment
LANG = C
# environment
VSCODE_PID = 349
# variable set hash-table stats:
# Load=77/1024=8%, Rehash=0, Collisions=13/129=10%

# Pattern-specific Variable Values

# No pattern-specific variable values.

# Directories

# . (device 16777232, inode 837619): 7 files, no impossibilities.

# 7 files, no impossibilities in 1 directories.

# Implicit Rules

build/%.cpp.o: %.cpp
#  commands to execute (from `Makefile', line 25):
	$(MKDIR_P) $(dir $@)
	$(CXX) $(CPPFLAGS) $(CXXFLAGS) -c $< -o $@
	

# 1 implicit rules, 0 (0.0%) terminal.

# Files

build/./src/Machine/CNetwork.cpp.o: src/Machine/CNetwork.cpp src/Machine/CNetwork.h
#  Implicit rule search has not been done.
#  Modification time never checked.
#  File has not been updated.

# Not a target:
build/./src/main.cpp.d:
#  A default, MAKEFILES, or -include/sinclude makefile.
#  Implicit rule search has been done.
#  Last modified 2021-08-25 18:15:55
#  File has been updated.
#  Successfully updated.
# variable set hash-table stats:
# Load=0/32=0%, Rehash=0, Collisions=0/0=0%

# Not a target:
all:
#  Command-line target.
#  Implicit rule search has been done.
#  File does not exist.
#  File has not been updated.
# variable set hash-table stats:
# Load=0/32=0%, Rehash=0, Collisions=0/0=0%

src/Machine/CHardware.h:
#  Implicit rule search has not been done.
#  Modification time never checked.
#  File has not been updated.

.PHONY: clean
#  Implicit rule search has not been done.
#  Modification time never checked.
#  File has not been updated.

# Not a target:
build/./src/Machine/CSystem.cpp.d:
#  A default, MAKEFILES, or -include/sinclude makefile.
#  Implicit rule search has been done.
#  Last modified 2021-08-25 15:24:36
#  File has been updated.
#  Successfully updated.
# variable set hash-table stats:
# Load=0/32=0%, Rehash=0, Collisions=0/0=0%

# Not a target:
src/Machine/CHardware.cpp:
#  Implicit rule search has not been done.
#  Modification time never checked.
#  File has not been updated.

# Not a target:
.SUFFIXES:
#  Implicit rule search has not been done.
#  Modification time never checked.
#  File has not been updated.

# Not a target:
Makefile:
#  Implicit rule search has been done.
#  Last modified 2021-08-24 11:28:43
#  File has been updated.
#  Successfully updated.
# variable set hash-table stats:
# Load=0/32=0%, Rehash=0, Collisions=0/0=0%

build/./src/main.cpp.o: src/main.cpp src/Machine/CNetwork.h src/Machine/CHardware.h src/Machine/CSystem.h
#  Implicit rule search has not been done.
#  Modification time never checked.
#  File has not been updated.

src/Machine/CNetwork.h:
#  Implicit rule search has not been done.
#  Modification time never checked.
#  File has not been updated.

# Not a target:
src/Machine/CNetwork.cpp:
#  Implicit rule search has not been done.
#  Modification time never checked.
#  File has not been updated.

build/./src/Machine/CSystem.cpp.o: src/Machine/CSystem.cpp src/Machine/CSystem.h
#  Implicit rule search has not been done.
#  Modification time never checked.
#  File has not been updated.

# Not a target:
build/./src/Machine/CHardware.cpp.d:
#  A default, MAKEFILES, or -include/sinclude makefile.
#  Implicit rule search has been done.
#  Last modified 2021-08-25 15:24:36
#  File has been updated.
#  Successfully updated.
# variable set hash-table stats:
# Load=0/32=0%, Rehash=0, Collisions=0/0=0%

# Not a target:
.DEFAULT:
#  Implicit rule search has not been done.
#  Modification time never checked.
#  File has not been updated.

clean:
#  Phony target (prerequisite of .PHONY).
#  Implicit rule search has not been done.
#  File does not exist.
#  File has not been updated.
 
#  commands to execute (from `Makefile', line 32):
	$(RM) -r $(BUILD_DIR)
	

# Not a target:
src/main.cpp:
#  Implicit rule search has not been done.
#  Modification time never checked.
#  File has not been updated.

# Not a target:
build/./src/Machine/CNetwork.cpp.d:
#  A default, MAKEFILES, or -include/sinclude makefile.
#  Implicit rule search has been done.
#  Last modified 2021-08-25 15:24:36
#  File has been updated.
#  Successfully updated.
# variable set hash-table stats:
# Load=0/32=0%, Rehash=0, Collisions=0/0=0%

src/Machine/CSystem.h:
#  Implicit rule search has not been done.
#  Modification time never checked.
#  File has not been updated.

build/./src/Machine/CHardware.cpp.o: src/Machine/CHardware.cpp src/Machine/CHardware.h
#  Implicit rule search has not been done.
#  Modification time never checked.
#  File has not been updated.

# Not a target:
src/Machine/CSystem.cpp:
#  Implicit rule search has not been done.
#  Modification time never checked.
#  File has not been updated.

build/POC: build/./src/Machine/CNetwork.cpp.o build/./src/Machine/CHardware.cpp.o build/./src/Machine/CSystem.cpp.o build/./src/main.cpp.o
#  Implicit rule search has not been done.
#  Modification time never checked.
#  File has not been updated.
#  commands to execute (from `Makefile', line 21):
	$(CC) $(OBJS) -o $@ $(LDFLAGS) $(LIBS)
	

# files hash-table stats:
# Load=22/1024=2%, Rehash=0, Collisions=0/56=0%
# VPATH Search Paths

# No `vpath' search paths.

# No general (`VPATH' variable) search path.

# # of strings in strcache: 5
# # of strcache buffers: 1
# strcache size: total = 4096 / max = 4096 / min = 4096 / avg = 4096
# strcache free: total = 3959 / max = 3959 / min = 3959 / avg = 3959

# Finished Make data base on Thu Aug 26 08:55:11 2021

 
